[2022-08-23 19:08:24,555] {manager.py:514} INFO - Processing files using up to 2 processes at a time 
[2022-08-23 19:08:24,556] {manager.py:515} INFO - Process each file at most once every 30 seconds
[2022-08-23 19:08:24,556] {manager.py:517} INFO - Checking for new files in /opt/airflow/dags every 300 seconds
[2022-08-23 19:08:24,557] {manager.py:663} INFO - Searching for files in /opt/airflow/dags
[2022-08-23 19:08:24,560] {manager.py:666} INFO - There are 0 files in /opt/airflow/dags
[2022-08-23 19:08:24,621] {manager.py:1065} INFO - Finding 'running' jobs without a recent heartbeat
[2022-08-23 19:08:24,622] {manager.py:1069} INFO - Failing jobs without heartbeat after 2022-08-23 19:03:24.621984+00:00
[2022-08-23 19:08:34,663] {manager.py:1065} INFO - Finding 'running' jobs without a recent heartbeat
[2022-08-23 19:08:34,664] {manager.py:1069} INFO - Failing jobs without heartbeat after 2022-08-23 19:03:34.664267+00:00
[2022-08-23 19:08:44,684] {manager.py:1065} INFO - Finding 'running' jobs without a recent heartbeat
[2022-08-23 19:08:44,684] {manager.py:1069} INFO - Failing jobs without heartbeat after 2022-08-23 19:03:44.684728+00:00
[2022-08-23 19:08:54,705] {manager.py:1065} INFO - Finding 'running' jobs without a recent heartbeat
[2022-08-23 19:08:54,705] {manager.py:1069} INFO - Failing jobs without heartbeat after 2022-08-23 19:03:54.705705+00:00
[2022-08-23 19:09:04,727] {manager.py:1065} INFO - Finding 'running' jobs without a recent heartbeat
[2022-08-23 19:09:04,728] {manager.py:1069} INFO - Failing jobs without heartbeat after 2022-08-23 19:04:04.728303+00:00
[2022-08-23 19:09:14,746] {manager.py:1065} INFO - Finding 'running' jobs without a recent heartbeat
[2022-08-23 19:09:14,746] {manager.py:1069} INFO - Failing jobs without heartbeat after 2022-08-23 19:04:14.746709+00:00
[2022-08-23 19:09:24,765] {manager.py:1065} INFO - Finding 'running' jobs without a recent heartbeat
[2022-08-23 19:09:24,766] {manager.py:1069} INFO - Failing jobs without heartbeat after 2022-08-23 19:04:24.766278+00:00
[2022-08-23 19:09:34,785] {manager.py:1065} INFO - Finding 'running' jobs without a recent heartbeat
[2022-08-23 19:09:34,785] {manager.py:1069} INFO - Failing jobs without heartbeat after 2022-08-23 19:04:34.785540+00:00
[2022-08-23 19:09:44,794] {manager.py:1065} INFO - Finding 'running' jobs without a recent heartbeat
[2022-08-23 19:09:44,795] {manager.py:1069} INFO - Failing jobs without heartbeat after 2022-08-23 19:04:44.795357+00:00
[2022-08-23 19:09:54,820] {manager.py:1065} INFO - Finding 'running' jobs without a recent heartbeat
[2022-08-23 19:09:54,820] {manager.py:1069} INFO - Failing jobs without heartbeat after 2022-08-23 19:04:54.820755+00:00
[2022-08-23 19:10:04,846] {manager.py:1065} INFO - Finding 'running' jobs without a recent heartbeat
[2022-08-23 19:10:04,847] {manager.py:1069} INFO - Failing jobs without heartbeat after 2022-08-23 19:05:04.847507+00:00
[2022-08-23 19:10:14,873] {manager.py:1065} INFO - Finding 'running' jobs without a recent heartbeat
[2022-08-23 19:10:14,874] {manager.py:1069} INFO - Failing jobs without heartbeat after 2022-08-23 19:05:14.874343+00:00
[2022-08-23 19:10:24,900] {manager.py:1065} INFO - Finding 'running' jobs without a recent heartbeat
[2022-08-23 19:10:24,900] {manager.py:1069} INFO - Failing jobs without heartbeat after 2022-08-23 19:05:24.900916+00:00
[2022-08-23 19:10:34,926] {manager.py:1065} INFO - Finding 'running' jobs without a recent heartbeat
[2022-08-23 19:10:34,926] {manager.py:1069} INFO - Failing jobs without heartbeat after 2022-08-23 19:05:34.926785+00:00
[2022-08-23 19:10:44,952] {manager.py:1065} INFO - Finding 'running' jobs without a recent heartbeat
[2022-08-23 19:10:44,953] {manager.py:1069} INFO - Failing jobs without heartbeat after 2022-08-23 19:05:44.953219+00:00
[2022-08-23 19:10:54,978] {manager.py:1065} INFO - Finding 'running' jobs without a recent heartbeat
[2022-08-23 19:10:54,979] {manager.py:1069} INFO - Failing jobs without heartbeat after 2022-08-23 19:05:54.979436+00:00
[2022-08-23 19:11:05,006] {manager.py:1065} INFO - Finding 'running' jobs without a recent heartbeat
[2022-08-23 19:11:05,007] {manager.py:1069} INFO - Failing jobs without heartbeat after 2022-08-23 19:06:05.007298+00:00
[2022-08-23 19:11:15,032] {manager.py:1065} INFO - Finding 'running' jobs without a recent heartbeat
[2022-08-23 19:11:15,032] {manager.py:1069} INFO - Failing jobs without heartbeat after 2022-08-23 19:06:15.032572+00:00
[2022-08-23 19:11:25,058] {manager.py:1065} INFO - Finding 'running' jobs without a recent heartbeat
[2022-08-23 19:11:25,059] {manager.py:1069} INFO - Failing jobs without heartbeat after 2022-08-23 19:06:25.059299+00:00
[2022-08-23 19:11:35,085] {manager.py:1065} INFO - Finding 'running' jobs without a recent heartbeat
[2022-08-23 19:11:35,085] {manager.py:1069} INFO - Failing jobs without heartbeat after 2022-08-23 19:06:35.085776+00:00
[2022-08-23 19:11:45,111] {manager.py:1065} INFO - Finding 'running' jobs without a recent heartbeat
[2022-08-23 19:11:45,111] {manager.py:1069} INFO - Failing jobs without heartbeat after 2022-08-23 19:06:45.111727+00:00
[2022-08-23 19:11:55,136] {manager.py:1065} INFO - Finding 'running' jobs without a recent heartbeat
[2022-08-23 19:11:55,136] {manager.py:1069} INFO - Failing jobs without heartbeat after 2022-08-23 19:06:55.136656+00:00
[2022-08-23 19:12:05,162] {manager.py:1065} INFO - Finding 'running' jobs without a recent heartbeat
[2022-08-23 19:12:05,163] {manager.py:1069} INFO - Failing jobs without heartbeat after 2022-08-23 19:07:05.163343+00:00
[2022-08-23 19:12:15,189] {manager.py:1065} INFO - Finding 'running' jobs without a recent heartbeat
[2022-08-23 19:12:15,189] {manager.py:1069} INFO - Failing jobs without heartbeat after 2022-08-23 19:07:15.189951+00:00
[2022-08-23 19:12:25,214] {manager.py:1065} INFO - Finding 'running' jobs without a recent heartbeat
[2022-08-23 19:12:25,215] {manager.py:1069} INFO - Failing jobs without heartbeat after 2022-08-23 19:07:25.215199+00:00
[2022-08-23 19:12:35,240] {manager.py:1065} INFO - Finding 'running' jobs without a recent heartbeat
[2022-08-23 19:12:35,240] {manager.py:1069} INFO - Failing jobs without heartbeat after 2022-08-23 19:07:35.240960+00:00
[2022-08-23 19:12:45,266] {manager.py:1065} INFO - Finding 'running' jobs without a recent heartbeat
[2022-08-23 19:12:45,267] {manager.py:1069} INFO - Failing jobs without heartbeat after 2022-08-23 19:07:45.267260+00:00
[2022-08-23 19:12:55,292] {manager.py:1065} INFO - Finding 'running' jobs without a recent heartbeat
[2022-08-23 19:12:55,293] {manager.py:1069} INFO - Failing jobs without heartbeat after 2022-08-23 19:07:55.293348+00:00
[2022-08-23 19:13:05,320] {manager.py:1065} INFO - Finding 'running' jobs without a recent heartbeat
[2022-08-23 19:13:05,321] {manager.py:1069} INFO - Failing jobs without heartbeat after 2022-08-23 19:08:05.320989+00:00
[2022-08-23 19:13:15,347] {manager.py:1065} INFO - Finding 'running' jobs without a recent heartbeat
[2022-08-23 19:13:15,348] {manager.py:1069} INFO - Failing jobs without heartbeat after 2022-08-23 19:08:15.348192+00:00
[2022-08-23 19:13:25,373] {manager.py:663} INFO - Searching for files in /opt/airflow/dags
[2022-08-23 19:13:25,376] {manager.py:666} INFO - There are 0 files in /opt/airflow/dags
[2022-08-23 19:13:25,383] {manager.py:1065} INFO - Finding 'running' jobs without a recent heartbeat
[2022-08-23 19:13:25,383] {manager.py:1069} INFO - Failing jobs without heartbeat after 2022-08-23 19:08:25.383838+00:00
[2022-08-23 19:13:35,409] {manager.py:1065} INFO - Finding 'running' jobs without a recent heartbeat
[2022-08-23 19:13:35,409] {manager.py:1069} INFO - Failing jobs without heartbeat after 2022-08-23 19:08:35.409891+00:00
[2022-08-23 19:13:45,434] {manager.py:1065} INFO - Finding 'running' jobs without a recent heartbeat
[2022-08-23 19:13:45,435] {manager.py:1069} INFO - Failing jobs without heartbeat after 2022-08-23 19:08:45.435363+00:00
[2022-08-23 19:13:55,460] {manager.py:1065} INFO - Finding 'running' jobs without a recent heartbeat
[2022-08-23 19:13:55,461] {manager.py:1069} INFO - Failing jobs without heartbeat after 2022-08-23 19:08:55.461076+00:00
[2022-08-23 19:14:05,487] {manager.py:1065} INFO - Finding 'running' jobs without a recent heartbeat
[2022-08-23 19:14:05,487] {manager.py:1069} INFO - Failing jobs without heartbeat after 2022-08-23 19:09:05.487789+00:00
[2022-08-23 19:14:15,514] {manager.py:1065} INFO - Finding 'running' jobs without a recent heartbeat
[2022-08-23 19:14:15,514] {manager.py:1069} INFO - Failing jobs without heartbeat after 2022-08-23 19:09:15.514899+00:00
[2022-08-23 19:14:25,540] {manager.py:1065} INFO - Finding 'running' jobs without a recent heartbeat
[2022-08-23 19:14:25,541] {manager.py:1069} INFO - Failing jobs without heartbeat after 2022-08-23 19:09:25.541106+00:00
[2022-08-23 19:14:35,566] {manager.py:1065} INFO - Finding 'running' jobs without a recent heartbeat
[2022-08-23 19:14:35,567] {manager.py:1069} INFO - Failing jobs without heartbeat after 2022-08-23 19:09:35.567646+00:00
[2022-08-23 19:14:45,593] {manager.py:1065} INFO - Finding 'running' jobs without a recent heartbeat
[2022-08-23 19:14:45,594] {manager.py:1069} INFO - Failing jobs without heartbeat after 2022-08-23 19:09:45.594569+00:00
[2022-08-23 19:14:55,620] {manager.py:1065} INFO - Finding 'running' jobs without a recent heartbeat
[2022-08-23 19:14:55,621] {manager.py:1069} INFO - Failing jobs without heartbeat after 2022-08-23 19:09:55.621200+00:00
[2022-08-23 19:15:05,647] {manager.py:1065} INFO - Finding 'running' jobs without a recent heartbeat
[2022-08-23 19:15:05,647] {manager.py:1069} INFO - Failing jobs without heartbeat after 2022-08-23 19:10:05.647635+00:00
[2022-08-23 19:15:15,676] {manager.py:1065} INFO - Finding 'running' jobs without a recent heartbeat
[2022-08-23 19:15:15,676] {manager.py:1069} INFO - Failing jobs without heartbeat after 2022-08-23 19:10:15.676648+00:00
[2022-08-23 19:15:25,702] {manager.py:1065} INFO - Finding 'running' jobs without a recent heartbeat
[2022-08-23 19:15:25,703] {manager.py:1069} INFO - Failing jobs without heartbeat after 2022-08-23 19:10:25.703510+00:00
[2022-08-23 19:15:35,729] {manager.py:1065} INFO - Finding 'running' jobs without a recent heartbeat
[2022-08-23 19:15:35,729] {manager.py:1069} INFO - Failing jobs without heartbeat after 2022-08-23 19:10:35.729805+00:00
[2022-08-23 19:15:45,756] {manager.py:1065} INFO - Finding 'running' jobs without a recent heartbeat
[2022-08-23 19:15:45,756] {manager.py:1069} INFO - Failing jobs without heartbeat after 2022-08-23 19:10:45.756643+00:00
[2022-08-23 19:15:55,782] {manager.py:1065} INFO - Finding 'running' jobs without a recent heartbeat
[2022-08-23 19:15:55,782] {manager.py:1069} INFO - Failing jobs without heartbeat after 2022-08-23 19:10:55.782828+00:00
[2022-08-23 19:16:05,808] {manager.py:1065} INFO - Finding 'running' jobs without a recent heartbeat
[2022-08-23 19:16:05,809] {manager.py:1069} INFO - Failing jobs without heartbeat after 2022-08-23 19:11:05.809442+00:00
[2022-08-23 19:16:15,835] {manager.py:1065} INFO - Finding 'running' jobs without a recent heartbeat
[2022-08-23 19:16:15,836] {manager.py:1069} INFO - Failing jobs without heartbeat after 2022-08-23 19:11:15.836249+00:00
[2022-08-23 19:16:25,861] {manager.py:1065} INFO - Finding 'running' jobs without a recent heartbeat
[2022-08-23 19:16:25,862] {manager.py:1069} INFO - Failing jobs without heartbeat after 2022-08-23 19:11:25.862537+00:00
[2022-08-23 19:16:35,888] {manager.py:1065} INFO - Finding 'running' jobs without a recent heartbeat
[2022-08-23 19:16:35,889] {manager.py:1069} INFO - Failing jobs without heartbeat after 2022-08-23 19:11:35.889044+00:00
[2022-08-23 19:16:45,914] {manager.py:1065} INFO - Finding 'running' jobs without a recent heartbeat
[2022-08-23 19:16:45,915] {manager.py:1069} INFO - Failing jobs without heartbeat after 2022-08-23 19:11:45.915016+00:00
[2022-08-23 19:16:55,941] {manager.py:1065} INFO - Finding 'running' jobs without a recent heartbeat
[2022-08-23 19:16:55,942] {manager.py:1069} INFO - Failing jobs without heartbeat after 2022-08-23 19:11:55.942022+00:00
[2022-08-23 19:17:05,968] {manager.py:1065} INFO - Finding 'running' jobs without a recent heartbeat
[2022-08-23 19:17:05,969] {manager.py:1069} INFO - Failing jobs without heartbeat after 2022-08-23 19:12:05.969069+00:00
[2022-08-23 19:17:15,995] {manager.py:1065} INFO - Finding 'running' jobs without a recent heartbeat
[2022-08-23 19:17:15,995] {manager.py:1069} INFO - Failing jobs without heartbeat after 2022-08-23 19:12:15.995898+00:00
[2022-08-23 19:17:26,020] {manager.py:1065} INFO - Finding 'running' jobs without a recent heartbeat
[2022-08-23 19:17:26,021] {manager.py:1069} INFO - Failing jobs without heartbeat after 2022-08-23 19:12:26.021391+00:00
[2022-08-23 19:17:36,047] {manager.py:1065} INFO - Finding 'running' jobs without a recent heartbeat
[2022-08-23 19:17:36,048] {manager.py:1069} INFO - Failing jobs without heartbeat after 2022-08-23 19:12:36.048391+00:00
[2022-08-23 19:17:46,074] {manager.py:1065} INFO - Finding 'running' jobs without a recent heartbeat
[2022-08-23 19:17:46,074] {manager.py:1069} INFO - Failing jobs without heartbeat after 2022-08-23 19:12:46.074836+00:00
[2022-08-23 19:17:56,100] {manager.py:1065} INFO - Finding 'running' jobs without a recent heartbeat
[2022-08-23 19:17:56,101] {manager.py:1069} INFO - Failing jobs without heartbeat after 2022-08-23 19:12:56.100985+00:00
[2022-08-23 19:18:06,127] {manager.py:1065} INFO - Finding 'running' jobs without a recent heartbeat
[2022-08-23 19:18:06,127] {manager.py:1069} INFO - Failing jobs without heartbeat after 2022-08-23 19:13:06.127495+00:00
[2022-08-23 19:18:16,154] {manager.py:1065} INFO - Finding 'running' jobs without a recent heartbeat
[2022-08-23 19:18:16,155] {manager.py:1069} INFO - Failing jobs without heartbeat after 2022-08-23 19:13:16.155450+00:00
[2022-08-23 19:18:26,181] {manager.py:663} INFO - Searching for files in /opt/airflow/dags
[2022-08-23 19:18:26,184] {manager.py:666} INFO - There are 0 files in /opt/airflow/dags
[2022-08-23 19:18:26,191] {manager.py:1065} INFO - Finding 'running' jobs without a recent heartbeat
[2022-08-23 19:18:26,191] {manager.py:1069} INFO - Failing jobs without heartbeat after 2022-08-23 19:13:26.191647+00:00
[2022-08-23 19:18:36,216] {manager.py:1065} INFO - Finding 'running' jobs without a recent heartbeat
[2022-08-23 19:18:36,217] {manager.py:1069} INFO - Failing jobs without heartbeat after 2022-08-23 19:13:36.217434+00:00
[2022-08-23 19:18:46,244] {manager.py:1065} INFO - Finding 'running' jobs without a recent heartbeat
[2022-08-23 19:18:46,244] {manager.py:1069} INFO - Failing jobs without heartbeat after 2022-08-23 19:13:46.244847+00:00
[2022-08-23 19:18:56,271] {manager.py:1065} INFO - Finding 'running' jobs without a recent heartbeat
[2022-08-23 19:18:56,271] {manager.py:1069} INFO - Failing jobs without heartbeat after 2022-08-23 19:13:56.271627+00:00
[2022-08-23 19:19:06,297] {manager.py:1065} INFO - Finding 'running' jobs without a recent heartbeat
[2022-08-23 19:19:06,298] {manager.py:1069} INFO - Failing jobs without heartbeat after 2022-08-23 19:14:06.298168+00:00
[2022-08-23 19:19:16,324] {manager.py:1065} INFO - Finding 'running' jobs without a recent heartbeat
[2022-08-23 19:19:16,324] {manager.py:1069} INFO - Failing jobs without heartbeat after 2022-08-23 19:14:16.324771+00:00
[2022-08-23 19:19:26,350] {manager.py:1065} INFO - Finding 'running' jobs without a recent heartbeat
[2022-08-23 19:19:26,350] {manager.py:1069} INFO - Failing jobs without heartbeat after 2022-08-23 19:14:26.350656+00:00
[2022-08-23 19:19:36,376] {manager.py:1065} INFO - Finding 'running' jobs without a recent heartbeat
[2022-08-23 19:19:36,377] {manager.py:1069} INFO - Failing jobs without heartbeat after 2022-08-23 19:14:36.377322+00:00
[2022-08-23 19:19:46,403] {manager.py:1065} INFO - Finding 'running' jobs without a recent heartbeat
[2022-08-23 19:19:46,404] {manager.py:1069} INFO - Failing jobs without heartbeat after 2022-08-23 19:14:46.404419+00:00
[2022-08-23 19:19:56,429] {manager.py:1065} INFO - Finding 'running' jobs without a recent heartbeat
[2022-08-23 19:19:56,429] {manager.py:1069} INFO - Failing jobs without heartbeat after 2022-08-23 19:14:56.429851+00:00
[2022-08-23 19:20:06,456] {manager.py:1065} INFO - Finding 'running' jobs without a recent heartbeat
[2022-08-23 19:20:06,457] {manager.py:1069} INFO - Failing jobs without heartbeat after 2022-08-23 19:15:06.456982+00:00
[2022-08-23 19:20:16,481] {manager.py:1065} INFO - Finding 'running' jobs without a recent heartbeat
[2022-08-23 19:20:16,482] {manager.py:1069} INFO - Failing jobs without heartbeat after 2022-08-23 19:15:16.482658+00:00
[2022-08-23 19:20:26,508] {manager.py:1065} INFO - Finding 'running' jobs without a recent heartbeat
[2022-08-23 19:20:26,509] {manager.py:1069} INFO - Failing jobs without heartbeat after 2022-08-23 19:15:26.509145+00:00
[2022-08-23 19:20:36,533] {manager.py:1065} INFO - Finding 'running' jobs without a recent heartbeat
[2022-08-23 19:20:36,534] {manager.py:1069} INFO - Failing jobs without heartbeat after 2022-08-23 19:15:36.534360+00:00
[2022-08-23 19:20:46,559] {manager.py:1065} INFO - Finding 'running' jobs without a recent heartbeat
[2022-08-23 19:20:46,560] {manager.py:1069} INFO - Failing jobs without heartbeat after 2022-08-23 19:15:46.560064+00:00
[2022-08-23 19:20:56,585] {manager.py:1065} INFO - Finding 'running' jobs without a recent heartbeat
[2022-08-23 19:20:56,586] {manager.py:1069} INFO - Failing jobs without heartbeat after 2022-08-23 19:15:56.586015+00:00
[2022-08-23 19:21:06,612] {manager.py:1065} INFO - Finding 'running' jobs without a recent heartbeat
[2022-08-23 19:21:06,612] {manager.py:1069} INFO - Failing jobs without heartbeat after 2022-08-23 19:16:06.612660+00:00
[2022-08-23 19:21:16,638] {manager.py:1065} INFO - Finding 'running' jobs without a recent heartbeat
[2022-08-23 19:21:16,639] {manager.py:1069} INFO - Failing jobs without heartbeat after 2022-08-23 19:16:16.639500+00:00
[2022-08-23 19:21:26,667] {manager.py:1065} INFO - Finding 'running' jobs without a recent heartbeat
[2022-08-23 19:21:26,668] {manager.py:1069} INFO - Failing jobs without heartbeat after 2022-08-23 19:16:26.668130+00:00
[2022-08-23 19:21:36,694] {manager.py:1065} INFO - Finding 'running' jobs without a recent heartbeat
[2022-08-23 19:21:36,694] {manager.py:1069} INFO - Failing jobs without heartbeat after 2022-08-23 19:16:36.694783+00:00
[2022-08-23 19:21:46,720] {manager.py:1065} INFO - Finding 'running' jobs without a recent heartbeat
[2022-08-23 19:21:46,721] {manager.py:1069} INFO - Failing jobs without heartbeat after 2022-08-23 19:16:46.721133+00:00
[2022-08-23 19:21:56,747] {manager.py:1065} INFO - Finding 'running' jobs without a recent heartbeat
[2022-08-23 19:21:56,747] {manager.py:1069} INFO - Failing jobs without heartbeat after 2022-08-23 19:16:56.747774+00:00
[2022-08-23 19:22:06,773] {manager.py:1065} INFO - Finding 'running' jobs without a recent heartbeat
[2022-08-23 19:22:06,773] {manager.py:1069} INFO - Failing jobs without heartbeat after 2022-08-23 19:17:06.773673+00:00
[2022-08-23 19:22:16,798] {manager.py:1065} INFO - Finding 'running' jobs without a recent heartbeat
[2022-08-23 19:22:16,798] {manager.py:1069} INFO - Failing jobs without heartbeat after 2022-08-23 19:17:16.798818+00:00
[2022-08-23 19:22:26,824] {manager.py:1065} INFO - Finding 'running' jobs without a recent heartbeat
[2022-08-23 19:22:26,825] {manager.py:1069} INFO - Failing jobs without heartbeat after 2022-08-23 19:17:26.825219+00:00
[2022-08-23 19:22:36,851] {manager.py:1065} INFO - Finding 'running' jobs without a recent heartbeat
[2022-08-23 19:22:36,852] {manager.py:1069} INFO - Failing jobs without heartbeat after 2022-08-23 19:17:36.852137+00:00
[2022-08-23 19:22:46,877] {manager.py:1065} INFO - Finding 'running' jobs without a recent heartbeat
[2022-08-23 19:22:46,878] {manager.py:1069} INFO - Failing jobs without heartbeat after 2022-08-23 19:17:46.878144+00:00
[2022-08-23 19:22:56,904] {manager.py:1065} INFO - Finding 'running' jobs without a recent heartbeat
[2022-08-23 19:22:56,904] {manager.py:1069} INFO - Failing jobs without heartbeat after 2022-08-23 19:17:56.904620+00:00
[2022-08-23 19:23:06,931] {manager.py:1065} INFO - Finding 'running' jobs without a recent heartbeat
[2022-08-23 19:23:06,931] {manager.py:1069} INFO - Failing jobs without heartbeat after 2022-08-23 19:18:06.931707+00:00
[2022-08-23 19:23:16,957] {manager.py:1065} INFO - Finding 'running' jobs without a recent heartbeat
[2022-08-23 19:23:16,957] {manager.py:1069} INFO - Failing jobs without heartbeat after 2022-08-23 19:18:16.957883+00:00
[2022-08-23 19:23:26,983] {manager.py:663} INFO - Searching for files in /opt/airflow/dags
[2022-08-23 19:23:26,985] {manager.py:666} INFO - There are 0 files in /opt/airflow/dags
[2022-08-23 19:23:26,993] {manager.py:1065} INFO - Finding 'running' jobs without a recent heartbeat
[2022-08-23 19:23:26,993] {manager.py:1069} INFO - Failing jobs without heartbeat after 2022-08-23 19:18:26.993622+00:00
[2022-08-23 19:23:37,018] {manager.py:1065} INFO - Finding 'running' jobs without a recent heartbeat
[2022-08-23 19:23:37,019] {manager.py:1069} INFO - Failing jobs without heartbeat after 2022-08-23 19:18:37.019434+00:00
[2022-08-23 19:23:47,046] {manager.py:1065} INFO - Finding 'running' jobs without a recent heartbeat
[2022-08-23 19:23:47,047] {manager.py:1069} INFO - Failing jobs without heartbeat after 2022-08-23 19:18:47.047525+00:00
[2022-08-23 19:23:57,073] {manager.py:1065} INFO - Finding 'running' jobs without a recent heartbeat
[2022-08-23 19:23:57,073] {manager.py:1069} INFO - Failing jobs without heartbeat after 2022-08-23 19:18:57.073657+00:00
[2022-08-23 19:24:07,098] {manager.py:1065} INFO - Finding 'running' jobs without a recent heartbeat
[2022-08-23 19:24:07,098] {manager.py:1069} INFO - Failing jobs without heartbeat after 2022-08-23 19:19:07.098687+00:00
[2022-08-23 19:24:17,123] {manager.py:1065} INFO - Finding 'running' jobs without a recent heartbeat
[2022-08-23 19:24:17,124] {manager.py:1069} INFO - Failing jobs without heartbeat after 2022-08-23 19:19:17.124258+00:00
[2022-08-23 19:24:27,151] {manager.py:1065} INFO - Finding 'running' jobs without a recent heartbeat
[2022-08-23 19:24:27,151] {manager.py:1069} INFO - Failing jobs without heartbeat after 2022-08-23 19:19:27.151815+00:00
[2022-08-23 19:24:37,178] {manager.py:1065} INFO - Finding 'running' jobs without a recent heartbeat
[2022-08-23 19:24:37,179] {manager.py:1069} INFO - Failing jobs without heartbeat after 2022-08-23 19:19:37.179000+00:00
[2022-08-23 19:24:47,206] {manager.py:1065} INFO - Finding 'running' jobs without a recent heartbeat
[2022-08-23 19:24:47,207] {manager.py:1069} INFO - Failing jobs without heartbeat after 2022-08-23 19:19:47.207369+00:00
[2022-08-23 19:24:57,233] {manager.py:1065} INFO - Finding 'running' jobs without a recent heartbeat
[2022-08-23 19:24:57,234] {manager.py:1069} INFO - Failing jobs without heartbeat after 2022-08-23 19:19:57.234490+00:00
[2022-08-23 19:25:07,259] {manager.py:1065} INFO - Finding 'running' jobs without a recent heartbeat
[2022-08-23 19:25:07,260] {manager.py:1069} INFO - Failing jobs without heartbeat after 2022-08-23 19:20:07.260234+00:00
[2022-08-23 19:25:17,286] {manager.py:1065} INFO - Finding 'running' jobs without a recent heartbeat
[2022-08-23 19:25:17,286] {manager.py:1069} INFO - Failing jobs without heartbeat after 2022-08-23 19:20:17.286697+00:00
[2022-08-23 19:25:27,312] {manager.py:1065} INFO - Finding 'running' jobs without a recent heartbeat
[2022-08-23 19:25:27,313] {manager.py:1069} INFO - Failing jobs without heartbeat after 2022-08-23 19:20:27.313208+00:00
[2022-08-23 19:25:37,339] {manager.py:1065} INFO - Finding 'running' jobs without a recent heartbeat
[2022-08-23 19:25:37,340] {manager.py:1069} INFO - Failing jobs without heartbeat after 2022-08-23 19:20:37.340242+00:00
[2022-08-23 19:25:47,365] {manager.py:1065} INFO - Finding 'running' jobs without a recent heartbeat
[2022-08-23 19:25:47,366] {manager.py:1069} INFO - Failing jobs without heartbeat after 2022-08-23 19:20:47.366363+00:00
[2022-08-23 19:25:57,392] {manager.py:1065} INFO - Finding 'running' jobs without a recent heartbeat
[2022-08-23 19:25:57,392] {manager.py:1069} INFO - Failing jobs without heartbeat after 2022-08-23 19:20:57.392521+00:00
[2022-08-23 19:26:07,419] {manager.py:1065} INFO - Finding 'running' jobs without a recent heartbeat
[2022-08-23 19:26:07,420] {manager.py:1069} INFO - Failing jobs without heartbeat after 2022-08-23 19:21:07.420207+00:00
[2022-08-23 19:26:17,444] {manager.py:1065} INFO - Finding 'running' jobs without a recent heartbeat
[2022-08-23 19:26:17,445] {manager.py:1069} INFO - Failing jobs without heartbeat after 2022-08-23 19:21:17.445119+00:00
[2022-08-23 19:26:27,472] {manager.py:1065} INFO - Finding 'running' jobs without a recent heartbeat
[2022-08-23 19:26:27,472] {manager.py:1069} INFO - Failing jobs without heartbeat after 2022-08-23 19:21:27.472668+00:00
[2022-08-23 19:26:37,497] {manager.py:1065} INFO - Finding 'running' jobs without a recent heartbeat
[2022-08-23 19:26:37,498] {manager.py:1069} INFO - Failing jobs without heartbeat after 2022-08-23 19:21:37.498114+00:00
[2022-08-23 19:26:47,523] {manager.py:1065} INFO - Finding 'running' jobs without a recent heartbeat
[2022-08-23 19:26:47,524] {manager.py:1069} INFO - Failing jobs without heartbeat after 2022-08-23 19:21:47.524298+00:00
[2022-08-23 19:26:57,549] {manager.py:1065} INFO - Finding 'running' jobs without a recent heartbeat
[2022-08-23 19:26:57,550] {manager.py:1069} INFO - Failing jobs without heartbeat after 2022-08-23 19:21:57.550151+00:00
[2022-08-23 19:27:07,575] {manager.py:1065} INFO - Finding 'running' jobs without a recent heartbeat
[2022-08-23 19:27:07,576] {manager.py:1069} INFO - Failing jobs without heartbeat after 2022-08-23 19:22:07.576088+00:00
[2022-08-23 19:27:17,602] {manager.py:1065} INFO - Finding 'running' jobs without a recent heartbeat
[2022-08-23 19:27:17,603] {manager.py:1069} INFO - Failing jobs without heartbeat after 2022-08-23 19:22:17.603693+00:00
[2022-08-23 19:27:27,630] {manager.py:1065} INFO - Finding 'running' jobs without a recent heartbeat
[2022-08-23 19:27:27,630] {manager.py:1069} INFO - Failing jobs without heartbeat after 2022-08-23 19:22:27.630459+00:00
[2022-08-23 19:27:37,656] {manager.py:1065} INFO - Finding 'running' jobs without a recent heartbeat
[2022-08-23 19:27:37,656] {manager.py:1069} INFO - Failing jobs without heartbeat after 2022-08-23 19:22:37.656888+00:00
[2022-08-23 19:27:47,684] {manager.py:1065} INFO - Finding 'running' jobs without a recent heartbeat
[2022-08-23 19:27:47,684] {manager.py:1069} INFO - Failing jobs without heartbeat after 2022-08-23 19:22:47.684464+00:00
[2022-08-23 19:27:57,712] {manager.py:1065} INFO - Finding 'running' jobs without a recent heartbeat
[2022-08-23 19:27:57,713] {manager.py:1069} INFO - Failing jobs without heartbeat after 2022-08-23 19:22:57.713431+00:00
[2022-08-23 19:28:07,739] {manager.py:1065} INFO - Finding 'running' jobs without a recent heartbeat
[2022-08-23 19:28:07,740] {manager.py:1069} INFO - Failing jobs without heartbeat after 2022-08-23 19:23:07.740400+00:00
[2022-08-23 19:28:17,766] {manager.py:1065} INFO - Finding 'running' jobs without a recent heartbeat
[2022-08-23 19:28:17,766] {manager.py:1069} INFO - Failing jobs without heartbeat after 2022-08-23 19:23:17.766893+00:00
[2022-08-23 19:28:27,792] {manager.py:663} INFO - Searching for files in /opt/airflow/dags
[2022-08-23 19:28:27,795] {manager.py:666} INFO - There are 0 files in /opt/airflow/dags
[2022-08-23 19:28:27,803] {manager.py:1065} INFO - Finding 'running' jobs without a recent heartbeat
[2022-08-23 19:28:27,803] {manager.py:1069} INFO - Failing jobs without heartbeat after 2022-08-23 19:23:27.803876+00:00
[2022-08-23 19:28:37,829] {manager.py:1065} INFO - Finding 'running' jobs without a recent heartbeat
[2022-08-23 19:28:37,829] {manager.py:1069} INFO - Failing jobs without heartbeat after 2022-08-23 19:23:37.829920+00:00
[2022-08-23 19:28:47,861] {manager.py:1065} INFO - Finding 'running' jobs without a recent heartbeat
[2022-08-23 19:28:47,861] {manager.py:1069} INFO - Failing jobs without heartbeat after 2022-08-23 19:23:47.861528+00:00
[2022-08-23 19:28:57,888] {manager.py:1065} INFO - Finding 'running' jobs without a recent heartbeat
[2022-08-23 19:28:57,889] {manager.py:1069} INFO - Failing jobs without heartbeat after 2022-08-23 19:23:57.889366+00:00
[2022-08-23 19:29:07,914] {manager.py:1065} INFO - Finding 'running' jobs without a recent heartbeat
[2022-08-23 19:29:07,915] {manager.py:1069} INFO - Failing jobs without heartbeat after 2022-08-23 19:24:07.915004+00:00
[2022-08-23 19:29:17,943] {manager.py:1065} INFO - Finding 'running' jobs without a recent heartbeat
[2022-08-23 19:29:17,943] {manager.py:1069} INFO - Failing jobs without heartbeat after 2022-08-23 19:24:17.943523+00:00
[2022-08-23 19:29:27,969] {manager.py:1065} INFO - Finding 'running' jobs without a recent heartbeat
[2022-08-23 19:29:27,970] {manager.py:1069} INFO - Failing jobs without heartbeat after 2022-08-23 19:24:27.970021+00:00
[2022-08-23 19:29:37,994] {manager.py:1065} INFO - Finding 'running' jobs without a recent heartbeat
[2022-08-23 19:29:37,995] {manager.py:1069} INFO - Failing jobs without heartbeat after 2022-08-23 19:24:37.995140+00:00
[2022-08-23 19:29:48,023] {manager.py:1065} INFO - Finding 'running' jobs without a recent heartbeat
[2022-08-23 19:29:48,024] {manager.py:1069} INFO - Failing jobs without heartbeat after 2022-08-23 19:24:48.024064+00:00
[2022-08-23 19:29:58,051] {manager.py:1065} INFO - Finding 'running' jobs without a recent heartbeat
[2022-08-23 19:29:58,051] {manager.py:1069} INFO - Failing jobs without heartbeat after 2022-08-23 19:24:58.051673+00:00
[2022-08-23 19:30:08,077] {manager.py:1065} INFO - Finding 'running' jobs without a recent heartbeat
[2022-08-23 19:30:08,078] {manager.py:1069} INFO - Failing jobs without heartbeat after 2022-08-23 19:25:08.078283+00:00
[2022-08-23 19:30:18,103] {manager.py:1065} INFO - Finding 'running' jobs without a recent heartbeat
[2022-08-23 19:30:18,103] {manager.py:1069} INFO - Failing jobs without heartbeat after 2022-08-23 19:25:18.103915+00:00
[2022-08-23 19:30:28,130] {manager.py:1065} INFO - Finding 'running' jobs without a recent heartbeat
[2022-08-23 19:30:28,131] {manager.py:1069} INFO - Failing jobs without heartbeat after 2022-08-23 19:25:28.131397+00:00
[2022-08-23 19:30:38,156] {manager.py:1065} INFO - Finding 'running' jobs without a recent heartbeat
[2022-08-23 19:30:38,156] {manager.py:1069} INFO - Failing jobs without heartbeat after 2022-08-23 19:25:38.156790+00:00
[2022-08-23 19:30:48,182] {manager.py:1065} INFO - Finding 'running' jobs without a recent heartbeat
[2022-08-23 19:30:48,182] {manager.py:1069} INFO - Failing jobs without heartbeat after 2022-08-23 19:25:48.182492+00:00
[2022-08-23 19:30:58,207] {manager.py:1065} INFO - Finding 'running' jobs without a recent heartbeat
[2022-08-23 19:30:58,208] {manager.py:1069} INFO - Failing jobs without heartbeat after 2022-08-23 19:25:58.208451+00:00
[2022-08-23 19:31:08,235] {manager.py:1065} INFO - Finding 'running' jobs without a recent heartbeat
[2022-08-23 19:31:08,235] {manager.py:1069} INFO - Failing jobs without heartbeat after 2022-08-23 19:26:08.235599+00:00
[2022-08-23 19:31:18,261] {manager.py:1065} INFO - Finding 'running' jobs without a recent heartbeat
[2022-08-23 19:31:18,262] {manager.py:1069} INFO - Failing jobs without heartbeat after 2022-08-23 19:26:18.262233+00:00
[2022-08-23 19:31:28,289] {manager.py:1065} INFO - Finding 'running' jobs without a recent heartbeat
[2022-08-23 19:31:28,289] {manager.py:1069} INFO - Failing jobs without heartbeat after 2022-08-23 19:26:28.289786+00:00
[2022-08-23 19:31:38,316] {manager.py:1065} INFO - Finding 'running' jobs without a recent heartbeat
[2022-08-23 19:31:38,316] {manager.py:1069} INFO - Failing jobs without heartbeat after 2022-08-23 19:26:38.316626+00:00
[2022-08-23 19:31:48,343] {manager.py:1065} INFO - Finding 'running' jobs without a recent heartbeat
[2022-08-23 19:31:48,343] {manager.py:1069} INFO - Failing jobs without heartbeat after 2022-08-23 19:26:48.343660+00:00
[2022-08-23 19:31:58,370] {manager.py:1065} INFO - Finding 'running' jobs without a recent heartbeat
[2022-08-23 19:31:58,371] {manager.py:1069} INFO - Failing jobs without heartbeat after 2022-08-23 19:26:58.371109+00:00
[2022-08-23 19:32:08,397] {manager.py:1065} INFO - Finding 'running' jobs without a recent heartbeat
[2022-08-23 19:32:08,397] {manager.py:1069} INFO - Failing jobs without heartbeat after 2022-08-23 19:27:08.397604+00:00
[2022-08-23 19:32:18,424] {manager.py:1065} INFO - Finding 'running' jobs without a recent heartbeat
[2022-08-23 19:32:18,425] {manager.py:1069} INFO - Failing jobs without heartbeat after 2022-08-23 19:27:18.424994+00:00
[2022-08-23 19:32:28,451] {manager.py:1065} INFO - Finding 'running' jobs without a recent heartbeat
[2022-08-23 19:32:28,452] {manager.py:1069} INFO - Failing jobs without heartbeat after 2022-08-23 19:27:28.452338+00:00
[2022-08-23 19:32:38,477] {manager.py:1065} INFO - Finding 'running' jobs without a recent heartbeat
[2022-08-23 19:32:38,478] {manager.py:1069} INFO - Failing jobs without heartbeat after 2022-08-23 19:27:38.478065+00:00
[2022-08-23 19:32:48,503] {manager.py:1065} INFO - Finding 'running' jobs without a recent heartbeat
[2022-08-23 19:32:48,504] {manager.py:1069} INFO - Failing jobs without heartbeat after 2022-08-23 19:27:48.504242+00:00
[2022-08-23 19:32:58,529] {manager.py:1065} INFO - Finding 'running' jobs without a recent heartbeat
[2022-08-23 19:32:58,530] {manager.py:1069} INFO - Failing jobs without heartbeat after 2022-08-23 19:27:58.530062+00:00
[2022-08-23 19:33:08,556] {manager.py:1065} INFO - Finding 'running' jobs without a recent heartbeat
[2022-08-23 19:33:08,556] {manager.py:1069} INFO - Failing jobs without heartbeat after 2022-08-23 19:28:08.556711+00:00
[2022-08-23 19:33:18,583] {manager.py:1065} INFO - Finding 'running' jobs without a recent heartbeat
[2022-08-23 19:33:18,584] {manager.py:1069} INFO - Failing jobs without heartbeat after 2022-08-23 19:28:18.584401+00:00
[2022-08-23 19:33:28,610] {manager.py:663} INFO - Searching for files in /opt/airflow/dags
[2022-08-23 19:33:28,613] {manager.py:666} INFO - There are 0 files in /opt/airflow/dags
[2022-08-23 19:33:28,621] {manager.py:1065} INFO - Finding 'running' jobs without a recent heartbeat
[2022-08-23 19:33:28,621] {manager.py:1069} INFO - Failing jobs without heartbeat after 2022-08-23 19:28:28.621775+00:00
[2022-08-23 19:33:38,647] {manager.py:1065} INFO - Finding 'running' jobs without a recent heartbeat
[2022-08-23 19:33:38,647] {manager.py:1069} INFO - Failing jobs without heartbeat after 2022-08-23 19:28:38.647693+00:00
[2022-08-23 19:33:48,673] {manager.py:1065} INFO - Finding 'running' jobs without a recent heartbeat
[2022-08-23 19:33:48,674] {manager.py:1069} INFO - Failing jobs without heartbeat after 2022-08-23 19:28:48.674345+00:00
[2022-08-23 19:33:58,700] {manager.py:1065} INFO - Finding 'running' jobs without a recent heartbeat
[2022-08-23 19:33:58,700] {manager.py:1069} INFO - Failing jobs without heartbeat after 2022-08-23 19:28:58.700704+00:00
[2022-08-23 19:34:08,726] {manager.py:1065} INFO - Finding 'running' jobs without a recent heartbeat
[2022-08-23 19:34:08,726] {manager.py:1069} INFO - Failing jobs without heartbeat after 2022-08-23 19:29:08.726495+00:00
[2022-08-23 19:34:18,751] {manager.py:1065} INFO - Finding 'running' jobs without a recent heartbeat
[2022-08-23 19:34:18,752] {manager.py:1069} INFO - Failing jobs without heartbeat after 2022-08-23 19:29:18.752454+00:00
[2022-08-23 19:34:28,778] {manager.py:1065} INFO - Finding 'running' jobs without a recent heartbeat
[2022-08-23 19:34:28,779] {manager.py:1069} INFO - Failing jobs without heartbeat after 2022-08-23 19:29:28.779280+00:00
[2022-08-23 19:34:38,805] {manager.py:1065} INFO - Finding 'running' jobs without a recent heartbeat
[2022-08-23 19:34:38,805] {manager.py:1069} INFO - Failing jobs without heartbeat after 2022-08-23 19:29:38.805524+00:00
[2022-08-23 19:34:48,830] {manager.py:1065} INFO - Finding 'running' jobs without a recent heartbeat
[2022-08-23 19:34:48,831] {manager.py:1069} INFO - Failing jobs without heartbeat after 2022-08-23 19:29:48.831282+00:00
[2022-08-23 19:34:58,857] {manager.py:1065} INFO - Finding 'running' jobs without a recent heartbeat
[2022-08-23 19:34:58,858] {manager.py:1069} INFO - Failing jobs without heartbeat after 2022-08-23 19:29:58.858391+00:00
[2022-08-23 19:35:08,884] {manager.py:1065} INFO - Finding 'running' jobs without a recent heartbeat
[2022-08-23 19:35:08,885] {manager.py:1069} INFO - Failing jobs without heartbeat after 2022-08-23 19:30:08.885483+00:00
[2022-08-23 19:35:18,911] {manager.py:1065} INFO - Finding 'running' jobs without a recent heartbeat
[2022-08-23 19:35:18,911] {manager.py:1069} INFO - Failing jobs without heartbeat after 2022-08-23 19:30:18.911635+00:00
[2022-08-23 19:35:28,935] {manager.py:1065} INFO - Finding 'running' jobs without a recent heartbeat
[2022-08-23 19:35:28,936] {manager.py:1069} INFO - Failing jobs without heartbeat after 2022-08-23 19:30:28.936413+00:00
[2022-08-23 19:35:38,962] {manager.py:1065} INFO - Finding 'running' jobs without a recent heartbeat
[2022-08-23 19:35:38,962] {manager.py:1069} INFO - Failing jobs without heartbeat after 2022-08-23 19:30:38.962599+00:00
[2022-08-23 19:35:48,989] {manager.py:1065} INFO - Finding 'running' jobs without a recent heartbeat
[2022-08-23 19:35:48,989] {manager.py:1069} INFO - Failing jobs without heartbeat after 2022-08-23 19:30:48.989574+00:00
[2022-08-23 19:35:59,015] {manager.py:1065} INFO - Finding 'running' jobs without a recent heartbeat
[2022-08-23 19:35:59,016] {manager.py:1069} INFO - Failing jobs without heartbeat after 2022-08-23 19:30:59.016189+00:00
[2022-08-23 19:36:09,041] {manager.py:1065} INFO - Finding 'running' jobs without a recent heartbeat
[2022-08-23 19:36:09,042] {manager.py:1069} INFO - Failing jobs without heartbeat after 2022-08-23 19:31:09.042058+00:00
[2022-08-23 19:36:19,067] {manager.py:1065} INFO - Finding 'running' jobs without a recent heartbeat
[2022-08-23 19:36:19,068] {manager.py:1069} INFO - Failing jobs without heartbeat after 2022-08-23 19:31:19.067981+00:00
[2022-08-23 19:36:29,093] {manager.py:1065} INFO - Finding 'running' jobs without a recent heartbeat
[2022-08-23 19:36:29,094] {manager.py:1069} INFO - Failing jobs without heartbeat after 2022-08-23 19:31:29.094202+00:00
[2022-08-23 19:36:39,119] {manager.py:1065} INFO - Finding 'running' jobs without a recent heartbeat
[2022-08-23 19:36:39,120] {manager.py:1069} INFO - Failing jobs without heartbeat after 2022-08-23 19:31:39.120328+00:00
[2022-08-23 19:36:49,146] {manager.py:1065} INFO - Finding 'running' jobs without a recent heartbeat
[2022-08-23 19:36:49,146] {manager.py:1069} INFO - Failing jobs without heartbeat after 2022-08-23 19:31:49.146469+00:00
[2022-08-23 19:36:59,171] {manager.py:1065} INFO - Finding 'running' jobs without a recent heartbeat
[2022-08-23 19:36:59,172] {manager.py:1069} INFO - Failing jobs without heartbeat after 2022-08-23 19:31:59.172457+00:00
[2022-08-23 19:37:09,203] {manager.py:1065} INFO - Finding 'running' jobs without a recent heartbeat
[2022-08-23 19:37:09,203] {manager.py:1069} INFO - Failing jobs without heartbeat after 2022-08-23 19:32:09.203825+00:00
[2022-08-23 19:37:19,231] {manager.py:1065} INFO - Finding 'running' jobs without a recent heartbeat
[2022-08-23 19:37:19,232] {manager.py:1069} INFO - Failing jobs without heartbeat after 2022-08-23 19:32:19.232330+00:00
[2022-08-23 19:37:29,257] {manager.py:1065} INFO - Finding 'running' jobs without a recent heartbeat
[2022-08-23 19:37:29,258] {manager.py:1069} INFO - Failing jobs without heartbeat after 2022-08-23 19:32:29.258066+00:00
[2022-08-23 19:37:39,284] {manager.py:1065} INFO - Finding 'running' jobs without a recent heartbeat
[2022-08-23 19:37:39,285] {manager.py:1069} INFO - Failing jobs without heartbeat after 2022-08-23 19:32:39.285406+00:00
[2022-08-23 19:37:49,310] {manager.py:1065} INFO - Finding 'running' jobs without a recent heartbeat
[2022-08-23 19:37:49,311] {manager.py:1069} INFO - Failing jobs without heartbeat after 2022-08-23 19:32:49.311302+00:00
[2022-08-23 19:37:59,337] {manager.py:1065} INFO - Finding 'running' jobs without a recent heartbeat
[2022-08-23 19:37:59,337] {manager.py:1069} INFO - Failing jobs without heartbeat after 2022-08-23 19:32:59.337956+00:00
